[21-Oct-2022 08:26:00 UTC] PHP Fatal error:  Namespace declaration statement has to be the very first statement or after any declare call in the script in /home/banqgego/public_html/nobs001/app/Http/Controllers/LoansAccountsController.php on line 3
[03-Oct-2023 10:22:18 UTC] PHP Fatal error:  Cannot redeclare App\Http\Controllers\ApiUsersController::getprintedstatements() in /home/banqgego/public_html/nobs002/app/Http/Controllers/ApiUsersController.php on line 1214
[07-Nov-2023 11:41:41 UTC] PHP Fatal error:  Cannot use empty array elements in arrays in /home/banqgego/public_html/nobs002/app/Http/Controllers/ApiUsersController.php on line 1436
[07-Nov-2023 11:41:46 UTC] PHP Fatal error:  Cannot use empty array elements in arrays in /home/banqgego/public_html/nobs002/app/Http/Controllers/ApiUsersController.php on line 1436
[07-Nov-2023 11:41:46 UTC] PHP Fatal error:  Cannot use empty array elements in arrays in /home/banqgego/public_html/nobs002/app/Http/Controllers/ApiUsersController.php on line 1436
[07-Nov-2023 11:42:51 UTC] PHP Fatal error:  Cannot use empty array elements in arrays in /home/banqgego/public_html/nobs002/app/Http/Controllers/ApiUsersController.php on line 1436
[07-Nov-2023 11:42:54 UTC] PHP Fatal error:  Cannot use empty array elements in arrays in /home/banqgego/public_html/nobs002/app/Http/Controllers/ApiUsersController.php on line 1436
[07-Nov-2023 11:42:54 UTC] PHP Fatal error:  Cannot use empty array elements in arrays in /home/banqgego/public_html/nobs002/app/Http/Controllers/ApiUsersController.php on line 1436
[07-Nov-2023 11:44:47 UTC] PHP Fatal error:  Cannot use empty array elements in arrays in /home/banqgego/public_html/nobs002/app/Http/Controllers/ApiUsersController.php on line 1436
[11-Feb-2024 19:03:09 UTC] PHP Fatal error:  During inheritance of ArrayAccess: Uncaught ErrorException: Return type of Illuminate\Support\Collection::offsetExists($key) should either be compatible with ArrayAccess::offsetExists(mixed $offset): bool, or the #[\ReturnTypeWillChange] attribute should be used to temporarily suppress the notice in /home/banqgego/public_html/sabs/vendor/laravel/framework/src/Illuminate/Support/Collection.php:1349
Stack trace:
#0 /home/banqgego/public_html/sabs/vendor/laravel/framework/src/Illuminate/Support/Collection.php(11): Illuminate\Foundation\Bootstrap\HandleExceptions->handleError()
#1 /home/banqgego/public_html/sabs/vendor/composer/ClassLoader.php(480): include('/home/banqgego/...')
#2 /home/banqgego/public_html/sabs/vendor/composer/ClassLoader.php(346): Composer\Autoload\includeFile()
#3 /home/banqgego/public_html/sabs/vendor/laravel/framework/src/Illuminate/Support/helpers.php(110): Composer\Autoload\ClassLoader->loadClass()
#4 /home/banqgego/public_html/sabs/vendor/laravel/framework/src/Illuminate/Foundation/PackageManifest.php(89): collect()
#5 /home/banqgego/public_html/sabs/vendor/laravel/framework/src/Illuminate/Foundation/PackageManifest.php(78): Illuminate\Foundation\PackageManifest->config()
#6 /home/banqgego/public_html/sabs/vendor/laravel/framework/src/Illuminate/Foundation/Bootstrap/RegisterFacades.php(26): Illuminate\Foundation\PackageManifest->aliases()
#7 /home/banqgego/public_html/sabs/vendor/laravel/framework/src/Illuminate/Foundation/Application.php(230): Illuminate\Foundation\Bootstrap\RegisterFacades->bootstrap()
#8 /home/banqgego/public_html/sabs/vendor/laravel/framework/src/Illuminate/Foundation/Http/Kernel.php(151): Illuminate\Foundation\Application->bootstrapWith()
#9 /home/banqgego/public_html/sabs/vendor/laravel/framework/src/Illuminate/Foundation/Http/Kernel.php(135): Illuminate\Foundation\Http\Kernel->bootstrap()
#10 /home/banqgego/public_html/sabs/vendor/laravel/framework/src/Illuminate/Foundation/Http/Kernel.php(109): Illuminate\Foundation\Http\Kernel->sendRequestThroughRouter()
#11 /home/banqgego/public_html/sabs/public/index.php(54): Illuminate\Foundation\Http\Kernel->handle()
#12 /home/banqgego/public_html/sabs/index.php(27): require_once('/home/banqgego/...')
#13 {main} in /home/banqgego/public_html/sabs/vendor/laravel/framework/src/Illuminate/Support/Collection.php on line 11
[11-Feb-2024 19:03:50 UTC] PHP Fatal error:  During inheritance of ArrayAccess: Uncaught ErrorException: Return type of Illuminate\Support\Collection::offsetExists($key) should either be compatible with ArrayAccess::offsetExists(mixed $offset): bool, or the #[\ReturnTypeWillChange] attribute should be used to temporarily suppress the notice in /home/banqgego/public_html/sabs/vendor/laravel/framework/src/Illuminate/Support/Collection.php:1349
Stack trace:
#0 /home/banqgego/public_html/sabs/vendor/laravel/framework/src/Illuminate/Support/Collection.php(11): Illuminate\Foundation\Bootstrap\HandleExceptions->handleError()
#1 /home/banqgego/public_html/sabs/vendor/composer/ClassLoader.php(480): include('/home/banqgego/...')
#2 /home/banqgego/public_html/sabs/vendor/composer/ClassLoader.php(346): Composer\Autoload\includeFile()
#3 /home/banqgego/public_html/sabs/vendor/laravel/framework/src/Illuminate/Support/helpers.php(110): Composer\Autoload\ClassLoader->loadClass()
#4 /home/banqgego/public_html/sabs/vendor/laravel/framework/src/Illuminate/Foundation/PackageManifest.php(89): collect()
#5 /home/banqgego/public_html/sabs/vendor/laravel/framework/src/Illuminate/Foundation/PackageManifest.php(78): Illuminate\Foundation\PackageManifest->config()
#6 /home/banqgego/public_html/sabs/vendor/laravel/framework/src/Illuminate/Foundation/Bootstrap/RegisterFacades.php(26): Illuminate\Foundation\PackageManifest->aliases()
#7 /home/banqgego/public_html/sabs/vendor/laravel/framework/src/Illuminate/Foundation/Application.php(230): Illuminate\Foundation\Bootstrap\RegisterFacades->bootstrap()
#8 /home/banqgego/public_html/sabs/vendor/laravel/framework/src/Illuminate/Foundation/Http/Kernel.php(151): Illuminate\Foundation\Application->bootstrapWith()
#9 /home/banqgego/public_html/sabs/vendor/laravel/framework/src/Illuminate/Foundation/Http/Kernel.php(135): Illuminate\Foundation\Http\Kernel->bootstrap()
#10 /home/banqgego/public_html/sabs/vendor/laravel/framework/src/Illuminate/Foundation/Http/Kernel.php(109): Illuminate\Foundation\Http\Kernel->sendRequestThroughRouter()
#11 /home/banqgego/public_html/sabs/public/index.php(54): Illuminate\Foundation\Http\Kernel->handle()
#12 /home/banqgego/public_html/sabs/index.php(27): require_once('/home/banqgego/...')
#13 {main} in /home/banqgego/public_html/sabs/vendor/laravel/framework/src/Illuminate/Support/Collection.php on line 11
[19-Aug-2024 09:46:44 UTC] PHP Fatal error:  Allowed memory size of 1073741824 bytes exhausted (tried to allocate 20480 bytes) in /home/banqgego/public_html/sabs/vendor/laravel/framework/src/Illuminate/Database/Eloquent/Model.php on line 445
[09-Sep-2024 07:53:15 UTC] PHP Fatal error:  Namespace declaration statement has to be the very first statement or after any declare call in the script in /home/banqgego/public_html/sabs/app/Http/Controllers/RegisteruserController.php on line 3
